<?xml version="1.0" encoding="UTF-8"?>
<testng-results ignored="0" total="1" passed="1" failed="0" skipped="0">
  <reporter-output>
  </reporter-output>
  <suite started-at="2023-09-06T10:07:00 IST" name="Suite" finished-at="2023-09-06T10:07:15 IST" duration-ms="15106">
    <groups>
    </groups>
    <test started-at="2023-09-06T10:07:00 IST" name="Test" finished-at="2023-09-06T10:07:15 IST" duration-ms="15106">
      <class name="login.LoginTest">
        <test-method signature="loginTest()[pri:0, instance:login.LoginTest@771a660]" started-at="2023-09-06T10:07:00 IST" name="loginTest" finished-at="2023-09-06T10:07:15 IST" duration-ms="15009" status="PASS">
          <reporter-output>
          </reporter-output>
        </test-method> <!-- loginTest -->
      </class> <!-- login.LoginTest -->
    </test> <!-- Test -->
  </suite> <!-- Suite -->
</testng-results>
